[2022-08-06 20:31:34.499] [exthost] [info] Extension host with pid 573817 started
[2022-08-06 20:31:34.971] [exthost] [info] ExtensionService#_doActivateExtension vscode.microsoft-authentication, startup: false, activationEvent: 'onAuthenticationRequest:microsoft'
[2022-08-06 20:31:35.058] [exthost] [info] ExtensionService#_doActivateExtension vscode.debug-auto-launch, startup: true, activationEvent: '*'
[2022-08-06 20:31:35.067] [exthost] [info] ExtensionService#_doActivateExtension vscode.git-base, startup: true, activationEvent: '*'
[2022-08-06 20:31:35.078] [exthost] [info] ExtensionService#_doActivateExtension vscode.ipynb, startup: true, activationEvent: '*'
[2022-08-06 20:31:35.194] [exthost] [info] ExtensionService#_doActivateExtension vscode.github, startup: true, activationEvent: '*'
[2022-08-06 20:31:35.231] [exthost] [info] Eager extensions activated
[2022-08-06 20:31:35.287] [exthost] [info] ExtensionService#_doActivateExtension vscode.emmet, startup: false, activationEvent: 'onStartupFinished'
[2022-08-06 20:31:35.309] [exthost] [info] ExtensionService#_doActivateExtension vscode.merge-conflict, startup: false, activationEvent: 'onStartupFinished'
[2022-08-06 20:31:35.869] [exthost] [info] ExtensionService#_doActivateExtension vscode.github-authentication, startup: false, activationEvent: 'onAuthenticationRequest:github'
[2022-08-06 20:31:53.836] [exthost] [info] Extension host terminating: received terminate message from renderer
[2022-08-06 20:31:53.840] [exthost] [info] Extension host with pid 573817 exiting with code 0
[2022-08-06 20:31:56.527] [exthost] [info] Extension host with pid 574263 started
[2022-08-06 20:31:56.527] [exthost] [info] Skipping acquiring lock for /home/hoan/.config/Code/User/workspaceStorage/cceb3537f3fb5e6aa7c69ee320ff58c9.
[2022-08-06 20:31:56.654] [exthost] [info] ExtensionService#_doActivateExtension vscode.microsoft-authentication, startup: false, activationEvent: 'onAuthenticationRequest:microsoft'
[2022-08-06 20:31:56.683] [exthost] [info] ExtensionService#_doActivateExtension vscode.debug-auto-launch, startup: true, activationEvent: '*'
[2022-08-06 20:31:56.688] [exthost] [info] ExtensionService#_doActivateExtension vscode.git-base, startup: true, activationEvent: '*'
[2022-08-06 20:31:56.691] [exthost] [info] ExtensionService#_doActivateExtension vscode.ipynb, startup: true, activationEvent: '*'
[2022-08-06 20:31:56.909] [exthost] [info] ExtensionService#_doActivateExtension vscode.github, startup: true, activationEvent: '*'
[2022-08-06 20:31:56.926] [exthost] [info] Eager extensions activated
[2022-08-06 20:31:56.931] [exthost] [info] ExtensionService#_doActivateExtension vscode.git, startup: false, activationEvent: '*'
[2022-08-06 20:31:56.970] [exthost] [info] ExtensionService#_doActivateExtension vscode.emmet, startup: false, activationEvent: 'onStartupFinished'
[2022-08-06 20:31:56.976] [exthost] [info] ExtensionService#_doActivateExtension vscode.merge-conflict, startup: false, activationEvent: 'onStartupFinished'
[2022-08-06 20:31:56.982] [exthost] [info] ExtensionService#_doActivateExtension vscode.github-authentication, startup: false, activationEvent: 'onAuthenticationRequest:github'
